        -:    0:Source:abs_example.c
        -:    0:Graph:abs_example.gcno
        -:    0:Data:abs_example.gcda
        -:    0:Runs:1
        -:    1:#include <stdio.h>
        -:    2:
        1:    3:int abs_val(int num) {
        1:    4:  if (num < 0) {
    #####:    5:    return -num;
        -:    6:  } else {
        1:    7:    return num;
        -:    8:  }
        -:    9:}
        -:   10:
        1:   11:int main() {
        -:   12:  int number;
        -:   13:
        1:   14:  printf("Введите целое число: ");
        1:   15:  scanf("%d", &number);
        -:   16:
        1:   17:  int absolute_value = abs_val(number);
        -:   18:
        1:   19:  printf("Абсолютное значение числа %d равно %d\n", number, absolute_value);
        -:   20:
        1:   21:  return 0;
        -:   22:}
        -:   23:
